app/build/intermediates/manifest_merge_blame_file/debug/manifest-merger-blame-debug-report.txt
1<?xml version="1.0" encoding="utf-8"?>
2<manifest xmlns:android="http://schemas.android.com/apk/res/android"
3    package="com.example.androidfinalproject"
4    android:versionCode="1"
5    android:versionName="1.0" >
6
7    <uses-sdk
8        android:minSdkVersion="26"
8-->src/main/AndroidManifest.xml
9        android:targetSdkVersion="30" />
9-->src/main/AndroidManifest.xml
10
11    <uses-permission android:name="android.permission.INTERNET" />
11-->src/main/AndroidManifest.xml:4:5-66
11-->src/main/AndroidManifest.xml:4:22-64
12
13    <!-- Although the *SdkVersion is captured in gradle build files, this is required for non gradle builds -->
14    <!-- <uses-sdk android:minSdkVersion="14" /> -->
15    <uses-permission android:name="android.permission.ACCESS_NETWORK_STATE" />
15-->[com.google.firebase:firebase-firestore:22.1.0] AndroidManifest.xml:13:5-79
15-->[com.google.firebase:firebase-firestore:22.1.0] AndroidManifest.xml:13:22-76
16
17    <application
17-->src/main/AndroidManifest.xml:5:5-25:19
18        android:allowBackup="true"
18-->src/main/AndroidManifest.xml:6:9-35
19        android:appComponentFactory="androidx.core.app.CoreComponentFactory"
19-->[androidx.core:core:1.3.1] AndroidManifest.xml:24:18-86
20        android:debuggable="true"
21        android:extractNativeLibs="false"
22        android:icon="@mipmap/ic_launcher"
22-->src/main/AndroidManifest.xml:7:9-43
23        android:label="@string/app_name"
23-->src/main/AndroidManifest.xml:8:9-41
24        android:roundIcon="@mipmap/ic_launcher_round"
24-->src/main/AndroidManifest.xml:9:9-54
25        android:supportsRtl="true"
25-->src/main/AndroidManifest.xml:10:9-35
26        android:testOnly="true"
27        android:theme="@style/Theme.AppCompat.Light.NoActionBar" >
27-->src/main/AndroidManifest.xml:11:9-65
28        <activity android:name="com.example.androidfinalproject.activity.UpdateProfileActivity" />
28-->src/main/AndroidManifest.xml:12:9-77
28-->src/main/AndroidManifest.xml:12:19-65
29        <activity android:name="com.example.androidfinalproject.activity.CreateParkingActivity" />
29-->src/main/AndroidManifest.xml:13:9-68
29-->src/main/AndroidManifest.xml:13:19-65
30        <activity android:name="com.example.androidfinalproject.activity.ParkingHistory" />
30-->src/main/AndroidManifest.xml:14:9-61
30-->src/main/AndroidManifest.xml:14:19-58
31        <activity android:name="com.example.androidfinalproject.activity.UserProfileActivity" />
31-->src/main/AndroidManifest.xml:15:9-66
31-->src/main/AndroidManifest.xml:15:19-63
32        <activity android:name="com.example.androidfinalproject.activity.LaunchScreenActivity" />
32-->src/main/AndroidManifest.xml:16:9-67
32-->src/main/AndroidManifest.xml:16:19-64
33        <activity android:name="com.example.androidfinalproject.activity.SignUpActivity" />
33-->src/main/AndroidManifest.xml:17:9-61
33-->src/main/AndroidManifest.xml:17:19-58
34        <activity android:name="com.example.androidfinalproject.activity.MainActivity" >
34-->src/main/AndroidManifest.xml:18:9-24:20
34-->src/main/AndroidManifest.xml:18:19-56
35            <intent-filter>
35-->src/main/AndroidManifest.xml:19:13-23:29
36                <action android:name="android.intent.action.MAIN" />
36-->src/main/AndroidManifest.xml:20:17-69
36-->src/main/AndroidManifest.xml:20:25-66
37
38                <category android:name="android.intent.category.LAUNCHER" />
38-->src/main/AndroidManifest.xml:22:17-77
38-->src/main/AndroidManifest.xml:22:27-74
39            </intent-filter>
40        </activity>
41
42        <service
42-->[com.google.firebase:firebase-firestore:22.1.0] AndroidManifest.xml:17:9-23:19
43            android:name="com.google.firebase.components.ComponentDiscoveryService"
43-->[com.google.firebase:firebase-firestore:22.1.0] AndroidManifest.xml:18:13-84
44            android:directBootAware="true"
44-->[com.google.firebase:firebase-common:19.5.0] AndroidManifest.xml:35:13-43
45            android:exported="false" >
45-->[com.google.firebase:firebase-firestore:22.1.0] AndroidManifest.xml:19:13-37
46            <meta-data
46-->[com.google.firebase:firebase-firestore:22.1.0] AndroidManifest.xml:20:13-22:85
47                android:name="com.google.firebase.components:com.google.firebase.firestore.FirestoreRegistrar"
47-->[com.google.firebase:firebase-firestore:22.1.0] AndroidManifest.xml:21:17-111
48                android:value="com.google.firebase.components.ComponentRegistrar" />
48-->[com.google.firebase:firebase-firestore:22.1.0] AndroidManifest.xml:22:17-82
49            <!--
50                This registrar is not defined in the dynamic-module-support sdk itself to allow non-firebase
51                clients to use it as well, by defining this registrar in their own core/common library.
52            -->
53            <meta-data
53-->[com.google.firebase:firebase-common:19.5.0] AndroidManifest.xml:43:13-45:85
54                android:name="com.google.firebase.components:com.google.firebase.dynamicloading.DynamicLoadingRegistrar"
54-->[com.google.firebase:firebase-common:19.5.0] AndroidManifest.xml:44:17-121
55                android:value="com.google.firebase.components.ComponentRegistrar" />
55-->[com.google.firebase:firebase-common:19.5.0] AndroidManifest.xml:45:17-82
56        </service>
57
58        <provider
58-->[com.google.firebase:firebase-common:19.5.0] AndroidManifest.xml:26:9-31:39
59            android:name="com.google.firebase.provider.FirebaseInitProvider"
59-->[com.google.firebase:firebase-common:19.5.0] AndroidManifest.xml:27:13-77
60            android:authorities="com.example.androidfinalproject.firebaseinitprovider"
60-->[com.google.firebase:firebase-common:19.5.0] AndroidManifest.xml:28:13-72
61            android:directBootAware="true"
61-->[com.google.firebase:firebase-common:19.5.0] AndroidManifest.xml:29:13-43
62            android:exported="false"
62-->[com.google.firebase:firebase-common:19.5.0] AndroidManifest.xml:30:13-37
63            android:initOrder="100" />
63-->[com.google.firebase:firebase-common:19.5.0] AndroidManifest.xml:31:13-36
64
65        <activity
65-->[com.google.android.gms:play-services-base:17.0.0] AndroidManifest.xml:23:9-26:75
66            android:name="com.google.android.gms.common.api.GoogleApiActivity"
66-->[com.google.android.gms:play-services-base:17.0.0] AndroidManifest.xml:24:13-79
67            android:exported="false"
67-->[com.google.android.gms:play-services-base:17.0.0] AndroidManifest.xml:25:13-37
68            android:theme="@android:style/Theme.Translucent.NoTitleBar" />
68-->[com.google.android.gms:play-services-base:17.0.0] AndroidManifest.xml:26:13-72
69
70        <meta-data
70-->[com.google.android.gms:play-services-basement:17.0.0] AndroidManifest.xml:23:9-25:69
71            android:name="com.google.android.gms.version"
71-->[com.google.android.gms:play-services-basement:17.0.0] AndroidManifest.xml:24:13-58
72            android:value="@integer/google_play_services_version" />
72-->[com.google.android.gms:play-services-basement:17.0.0] AndroidManifest.xml:25:13-66
73    </application>
74
75</manifest>